{
    "Users": [
        {
            "name": "Call off the search for your soul"
        },
        {
            "name": "Or put it on hold again"
        },
        {
            "name": "She's having a sly indoor smoke"
        },
        {
            "name": "And she calls the folks who run this her oldest friends"
        },
        {
            "name": "Sipping a drink and laughing at imaginary jokes"
        },
        {
            "name": "Her eyes invite you to approach"
        },
        {
            "name": "And it seems as though"
        },
        {
            "name": "Those lumps in your throat"
        },
        {
            "name": "That you just swallowed"
        },
        {
            "name": "Have got you going"
        },
        {
            "name": "Ye boi"
        }
    ]
}